<nodeTypes xmlns:nt="http://www.jcp.org/jcr/nt/1.0" xmlns:mix="http://www.jcp.org/jcr/mix/1.0" xmlns:jcr="http://www.jcp.org/jcr/1.0">
	<nodeType name="exo:resources" isMixin="false" hasOrderableChildNodes="false" primaryItemName="">
		<supertypes>
			<supertype>nt:resource</supertype>
		</supertypes>
		<propertyDefinitions>
			<propertyDefinition name="exo:label" requiredType="String" autoCreated="false" mandatory="false" onParentVersion="COPY" protected="false" multiple="false">
				<valueConstraints/>
			</propertyDefinition>
			<propertyDefinition name="exo:roles" requiredType="String" autoCreated="true" mandatory="true" onParentVersion="COPY" protected="false" multiple="true">
				<valueConstraints/>
				<defaultValues>
					<defaultValue>*</defaultValue>
				</defaultValues>
			</propertyDefinition>
		</propertyDefinitions>
	</nodeType>
	<nodeType name="exo:hiddenable" isMixin="true" hasOrderableChildNodes="false" primaryItemName="">
		<propertyDefinitions>
		</propertyDefinitions>
	</nodeType>
</nodeTypes>